Posting image '01102024_10.png' with title '2024-10-01 15:00:51 UTC - 67721328 - by Michael Wiciak (bot)'...
Image '01102024_10.png' posted successfully!
Posting image '01102024_11.png' with title '2024-10-01 15:00:55 UTC - 3d1b20d8 - by Michael Wiciak (bot)'...
Image '01102024_11.png' posted successfully!
Posting image '01102024_13.png' with title '2024-10-01 15:00:58 UTC - eee749b6 - by Michael Wiciak (bot)'...
Image '01102024_13.png' posted successfully!
Posting image '01102024_12.png' with title '2024-10-01 15:01:02 UTC - 387ff762 - by Michael Wiciak (bot)'...
Image '01102024_12.png' posted successfully!
Posting image '01102024_16.png' with title '2024-10-01 15:01:06 UTC - c2ecf9bd - by Michael Wiciak (bot)'...
Image '01102024_16.png' posted successfully!
Posting image '01102024_17.png' with title '2024-10-01 15:01:09 UTC - f24ae6d1 - by Michael Wiciak (bot)'...
Image '01102024_17.png' posted successfully!
Posting image '01102024_15.png' with title '2024-10-01 15:01:13 UTC - 27b5c575 - by Michael Wiciak (bot)'...
Image '01102024_15.png' posted successfully!
Posting image '01102024_9.png' with title '2024-10-01 15:01:17 UTC - e009e563 - by Michael Wiciak (bot)'...
Image '01102024_9.png' posted successfully!
Posting image '01102024_8.png' with title '2024-10-01 15:01:20 UTC - 8c216fe5 - by Michael Wiciak (bot)'...
Image '01102024_8.png' posted successfully!
Posting image '01102024_14.png' with title '2024-10-01 15:01:24 UTC - b30d9b2b - by Michael Wiciak (bot)'...
Image '01102024_14.png' posted successfully!
Posting image '01102024_19.png' with title '2024-10-01 15:01:27 UTC - 889965d0 - by Michael Wiciak (bot)'...
Image '01102024_19.png' posted successfully!
Found a file that doesn't meet the criteria. It has the following extension: .MD and file path: UploadToRedditBatch/01102024_19.png
Found a file that doesn't meet the criteria. It has the following extension:  and file path: UploadToRedditBatch/01102024_19.png
Posting image '01102024_5.png' with title '2024-10-01 15:01:31 UTC - 25b6b09a - by Michael Wiciak (bot)'...
Image '01102024_5.png' posted successfully!
Posting image '01102024_4.png' with title '2024-10-01 15:01:34 UTC - c0419877 - by Michael Wiciak (bot)'...
Image '01102024_4.png' posted successfully!
Posting image '01102024_18.png' with title '2024-10-01 15:01:39 UTC - bd5e132b - by Michael Wiciak (bot)'...
Image '01102024_18.png' posted successfully!
Posting image '01102024_6.png' with title '2024-10-01 15:01:42 UTC - 05caf76b - by Michael Wiciak (bot)'...
Image '01102024_6.png' posted successfully!
Posting image '01102024_7.png' with title '2024-10-01 15:01:46 UTC - 7ecfca6c - by Michael Wiciak (bot)'...
Image '01102024_7.png' posted successfully!
Posting image '01102024_3.png' with title '2024-10-01 15:01:49 UTC - 79de8eb6 - by Michael Wiciak (bot)'...
Image '01102024_3.png' posted successfully!
Posting image '01102024_2.png' with title '2024-10-01 15:01:52 UTC - 75fac82d - by Michael Wiciak (bot)'...
Image '01102024_2.png' posted successfully!
Posting image '01102024_0.png' with title '2024-10-01 15:01:55 UTC - 80c60227 - by Michael Wiciak (bot)'...
Image '01102024_0.png' posted successfully!
Posting image '01102024_1.png' with title '2024-10-01 15:01:58 UTC - 86abbd57 - by Michael Wiciak (bot)'...
Image '01102024_1.png' posted successfully!
Processed 22 images.
Done!
----------------------------------------
Created directory Images/1240x1920
Image 02102024_0.png saved in Images/1240x1920
Image size: 1.36 MB
Image 02102024_1.png saved in Images/1240x1920
Image size: 1.1 MB
Image 02102024_2.png saved in Images/1240x1920
Image size: 1.2 MB
Image 02102024_3.png saved in Images/1240x1920
Image size: 1.51 MB
Image 02102024_4.png saved in Images/1240x1920
Image size: 0.11 MB
Image 02102024_5.png saved in Images/1240x1920
Image size: 0.1 MB
Image 02102024_6.png saved in Images/1240x1920
Image size: 1.19 MB
Image 02102024_7.png saved in Images/1240x1920
Image size: 1.7 MB
Image 02102024_8.png saved in Images/1240x1920
Image size: 0.11 MB
Image 02102024_9.png saved in Images/1240x1920
Image size: 1.22 MB
Image 02102024_10.png saved in Images/1240x1920
Image size: 0.63 MB
Image 02102024_11.png saved in Images/1240x1920
Image size: 1.12 MB
Image 02102024_12.png saved in Images/1240x1920
Image size: 1.16 MB
Image 02102024_13.png saved in Images/1240x1920
Image size: 1.16 MB
Image 02102024_14.png saved in Images/1240x1920
Image size: 1.2 MB
Image 02102024_15.png saved in Images/1240x1920
Image size: 1.2 MB
Image 02102024_16.png saved in Images/1240x1920
Image size: 1.09 MB
Image 02102024_17.png saved in Images/1240x1920
Image size: 1.3 MB
Image 02102024_18.png saved in Images/1240x1920
Image size: 1.42 MB
Image 02102024_19.png saved in Images/1240x1920
Image size: 1.37 MB
Image 02102024_20.png saved in Images/1240x1920
Image size: 0.83 MB
Image 02102024_21.png saved in Images/1240x1920
Image size: 0.85 MB
Image 02102024_22.png saved in Images/1240x1920
Image size: 1.07 MB
Image 02102024_23.png saved in Images/1240x1920
Image size: 1.52 MB
Image 02102024_24.png saved in Images/1240x1920
Image size: 0.11 MB
Image 02102024_25.png saved in Images/1240x1920
Image size: 1.01 MB
Image 02102024_26.png saved in Images/1240x1920
Image size: 1.03 MB
Image 02102024_27.png saved in Images/1240x1920
Image size: 1.14 MB
Image 02102024_28.png saved in Images/1240x1920
Image size: 1.69 MB
Image 02102024_29.png saved in Images/1240x1920
Image size: 1.08 MB
Time taken to generate 30 Images: 2607.160969018936 seconds
----------------------------------------
python apiRedditPosting.py
Posting image '02102024_8.png' with title '2024-10-02 14:18:05 UTC - 99c1fb36 - by Michael Wiciak (bot)'...
Image '02102024_8.png' posted successfully!
Posting image '02102024_9.png' with title '2024-10-02 14:18:09 UTC - 1aa9c822 - by Michael Wiciak (bot)'...
Image '02102024_9.png' posted successfully!
Posting image '02102024_18.png' with title '2024-10-02 14:18:12 UTC - d10d96cc - by Michael Wiciak (bot)'...
Image '02102024_18.png' posted successfully!
Posting image '02102024_24.png' with title '2024-10-02 14:18:15 UTC - d638fc18 - by Michael Wiciak (bot)'...
Image '02102024_24.png' posted successfully!
Posting image '02102024_25.png' with title '2024-10-02 14:18:19 UTC - 1df3776b - by Michael Wiciak (bot)'...
Image '02102024_25.png' posted successfully!
Posting image '02102024_19.png' with title '2024-10-02 14:18:22 UTC - 9b1e4b78 - by Michael Wiciak (bot)'...
Image '02102024_19.png' posted successfully!
Posting image '02102024_27.png' with title '2024-10-02 14:18:26 UTC - 98bdc52b - by Michael Wiciak (bot)'...
Image '02102024_27.png' posted successfully!
Posting image '02102024_26.png' with title '2024-10-02 14:18:30 UTC - 8235bf3e - by Michael Wiciak (bot)'...
Image '02102024_26.png' posted successfully!
Posting image '02102024_22.png' with title '2024-10-02 14:18:33 UTC - 6323555d - by Michael Wiciak (bot)'...
Image '02102024_22.png' posted successfully!
Posting image '02102024_23.png' with title '2024-10-02 14:18:36 UTC - 862a7cf3 - by Michael Wiciak (bot)'...
Image '02102024_23.png' posted successfully!
Posting image '02102024_21.png' with title '2024-10-02 14:18:39 UTC - e974f355 - by Michael Wiciak (bot)'...
Image '02102024_21.png' posted successfully!
Posting image '02102024_20.png' with title '2024-10-02 14:18:42 UTC - 1bd4077d - by Michael Wiciak (bot)'...
Image '02102024_20.png' posted successfully!
Posting image '02102024_11.png' with title '2024-10-02 14:18:46 UTC - a1193aa8 - by Michael Wiciak (bot)'...
Image '02102024_11.png' posted successfully!
Found a file that doesn't meet the criteria. It has the following extension: .MD and file path: UploadToRedditBatch/02102024_11.png
Found a file that doesn't meet the criteria. It has the following extension:  and file path: UploadToRedditBatch/02102024_11.png
Posting image '02102024_10.png' with title '2024-10-02 14:18:49 UTC - 1aafb128 - by Michael Wiciak (bot)'...
Image '02102024_10.png' posted successfully!
Posting image '02102024_12.png' with title '2024-10-02 14:18:52 UTC - 99b520b2 - by Michael Wiciak (bot)'...
Image '02102024_12.png' posted successfully!
Posting image '02102024_13.png' with title '2024-10-02 14:18:55 UTC - 03eaa1a7 - by Michael Wiciak (bot)'...
Image '02102024_13.png' posted successfully!
Posting image '02102024_17.png' with title '2024-10-02 14:18:59 UTC - c224b099 - by Michael Wiciak (bot)'...
Image '02102024_17.png' posted successfully!
Posting image '02102024_16.png' with title '2024-10-02 14:19:02 UTC - c75f0560 - by Michael Wiciak (bot)'...
Image '02102024_16.png' posted successfully!
Posting image '02102024_14.png' with title '2024-10-02 14:19:05 UTC - f45ae9e6 - by Michael Wiciak (bot)'...
Image '02102024_14.png' posted successfully!
Posting image '02102024_28.png' with title '2024-10-02 14:19:10 UTC - a1d52417 - by Michael Wiciak (bot)'...
Image '02102024_28.png' posted successfully!
Posting image '02102024_29.png' with title '2024-10-02 14:19:12 UTC - ce70dcb5 - by Michael Wiciak (bot)'...
Image '02102024_29.png' posted successfully!
Posting image '02102024_15.png' with title '2024-10-02 14:19:16 UTC - 7c1d44b4 - by Michael Wiciak (bot)'...
Image '02102024_15.png' posted successfully!
Posting image '02102024_1.png' with title '2024-10-02 14:19:18 UTC - dff67ab6 - by Michael Wiciak (bot)'...
Image '02102024_1.png' posted successfully!
Posting image '02102024_0.png' with title '2024-10-02 14:19:21 UTC - cda49bdc - by Michael Wiciak (bot)'...
Image '02102024_0.png' posted successfully!
Posting image '02102024_2.png' with title '2024-10-02 14:19:24 UTC - 8a01ec9e - by Michael Wiciak (bot)'...
Image '02102024_2.png' posted successfully!
Posting image '02102024_3.png' with title '2024-10-02 14:19:28 UTC - 34a9724e - by Michael Wiciak (bot)'...
Image '02102024_3.png' posted successfully!
Posting image '02102024_7.png' with title '2024-10-02 14:19:30 UTC - fd7502b1 - by Michael Wiciak (bot)'...
Image '02102024_7.png' posted successfully!
Posting image '02102024_6.png' with title '2024-10-02 14:19:34 UTC - d8375bc6 - by Michael Wiciak (bot)'...
Image '02102024_6.png' posted successfully!
Posting image '02102024_4.png' with title '2024-10-02 14:19:36 UTC - bc756d7f - by Michael Wiciak (bot)'...
Image '02102024_4.png' posted successfully!
Posting image '02102024_5.png' with title '2024-10-02 14:19:39 UTC - d02c2f9d - by Michael Wiciak (bot)'...
Image '02102024_5.png' posted successfully!
Processed 32 images.
Done!
----------------------------------------